SQL Query: SELECT l.word FROM BAWE_List l INNER JOIN BAWE_Likes likes ON likes.Word_ID = l.ID INNER JOIN Users u ON u.User_ID = likes.User_ID WHERE u.User_ID = 1 ORDER BY word DESC LIMIT 1
Time: 2023-11-25 17:51:34

SQL Query: SELECT l.ID Word_ID,l.word,l.bad,l.datetime,l.User_ID word_user_id,u.Bundesland_ID,CONCAT(u.PreName, " ", u.LastName) AS UserName,d.ID desc_id,d.Description,d.datetime desc_datetime,d.User_ID desc_user_id,Likes.ID Like_ID,Likes.User_ID like_user_id,Comments.ID Comment_ID,Comments.Comment,Comments.datetime comment_datetime,Comments.User_ID comment_user_id,comment_likes.ID Comment_Like_ID,comment_likes.User_ID comment_like_user_id FROM BAWE_List l INNER JOIN Users u ON l.User_ID = u.User_ID LEFT JOIN BAWE_Descriptions d ON d.Word_ID = l.ID LEFT JOIN BAWE_Likes Likes ON Likes.Word_ID = l.ID LEFT JOIN BAWE_Comments Comments ON Comments.Word_ID = l.ID LEFT JOIN BAWE_Comment_Likes comment_likes ON Comments.ID = comment_likes.Comment_ID ORDER BY l.ID DESC
Time: 2023-11-25 17:51:35

SQL Query: SELECT t.test FROM test t WHERE t.ID = 1
Time: 2023-12-10 17:47:25

SQL Query: SELECT t.test FROM test t WHERE t.ID = 1
Time: 2023-12-10 17:47:26

SQL Query: SELECT t.test FROM test t WHERE t.ID = 1
Time: 2023-12-10 17:51:00

SQL Query: SELECT t.test FROM test t WHERE t.ID = 1
Time: 2023-12-10 17:51:00

SQL Query: SELECT t.test FROM test t WHERE t.ID = 1
Time: 2023-12-10 17:52:47

SQL Query: SELECT t.test FROM test t WHERE t.ID = 1
Time: 2023-12-10 17:52:47

SQL Query: SELECT * FROM Restaurants r
Time: 2023-12-10 19:25:11

SQL Query: SELECT * FROM Restaurants r
Time: 2023-12-10 19:25:11

SQL Query: SELECT * FROM Restaurants r
Time: 2023-12-10 19:28:09

SQL Query: SELECT * FROM Restaurants r
Time: 2023-12-10 19:28:09

SQL Query: SELECT * FROM Restaurants r
Time: 2023-12-10 19:29:10

SQL Query: SELECT * FROM Restaurants r
Time: 2023-12-10 19:29:11

SQL Query: SELECT * FROM Restaurants r
Time: 2023-12-10 19:31:29

SQL Query: SELECT * FROM Restaurants r
Time: 2023-12-10 19:31:29

SQL Query: SELECT * FROM Restaurants r
Time: 2023-12-10 19:33:00

SQL Query: SELECT * FROM Restaurants r
Time: 2023-12-10 19:33:00

SQL Query: SELECT * FROM Restaurants r
Time: 2023-12-10 19:35:12

SQL Query: SELECT * FROM Restaurants r
Time: 2023-12-10 19:35:12

SQL Query: SELECT * FROM Restaurants r WHERE r.ID = 3
Time: 2023-12-14 23:45:50

SQL Query: SELECT * FROM Restaurants r WHERE r.ID = 3
Time: 2023-12-14 23:46:19

SQL Query: SELECT * FROM Restaurants r WHERE r.ID = 3
Time: 2023-12-14 23:49:11

SQL Query: SELECT * FROM Restaurants r WHERE r.ID = 3
Time: 2023-12-14 23:54:03

SQL Query: SELECT * FROM Restaurants r WHERE r.ID = 3
Time: 2023-12-14 23:55:14

SQL Query: SELECT * FROM Restaurants r WHERE r.ID = 4
Time: 2023-12-15 00:03:23

SQL Query: SELECT * FROM Restaurants r WHERE r.ID = 4
Time: 2023-12-15 00:05:14

SQL Query: SELECT * FROM Restaurants r WHERE r.ID = 4
Time: 2023-12-15 00:06:48

SQL Query: SELECT * FROM Restaurants r WHERE r.ID = 3
Time: 2023-12-15 00:07:27

SQL Query: SELECT * FROM Restaurants r WHERE r.ID = 3
Time: 2023-12-15 00:08:29

SQL Query: SELECT * FROM Restaurants r WHERE r.ID = 3
Time: 2023-12-15 00:10:40

SQL Query: SELECT * FROM Restaurants r WHERE r.ID = 3
Time: 2023-12-15 00:11:35

SQL Query: SELECT * FROM Restaurants r WHERE r.ID = 3
Time: 2023-12-15 00:12:27

SQL Query: SELECT * FROM Restaurants r WHERE r.ID = 2
Time: 2023-12-15 00:13:20

SQL Query: SELECT * FROM Restaurants r WHERE r.ID = 2
Time: 2023-12-15 00:14:34

SQL Query: SELECT * FROM Restaurants r WHERE r.ID = 2
Time: 2023-12-15 00:16:41

SQL Query: SELECT * FROM Restaurants r WHERE r.ID = 6
Time: 2023-12-15 00:17:27

SQL Query: SELECT * FROM Restaurants r WHERE r.ID = 6
Time: 2023-12-15 00:18:24

SQL Query: SELECT * FROM Restaurants r WHERE r.ID = 6
Time: 2023-12-15 00:19:41

SQL Query: SELECT * FROM Restaurants r WHERE r.ID = 6
Time: 2023-12-15 00:20:10

SQL Query: SELECT * FROM Restaurants r WHERE r.ID = 6
Time: 2023-12-15 00:20:39

SQL Query: SELECT * FROM Restaurants r WHERE r.ID = 6
Time: 2023-12-15 00:22:52

SQL Query: SELECT * FROM Restaurants r WHERE r.ID = 6
Time: 2023-12-15 00:23:39

SQL Query: SELECT * FROM Restaurants r WHERE r.ID = 6
Time: 2023-12-15 00:28:07

SQL Query: SELECT * FROM Restaurants r WHERE r.ID = 6
Time: 2023-12-15 00:28:31

SQL Query: SELECT * FROM Restaurants r WHERE r.ID = 6
Time: 2023-12-15 00:29:04

SQL Query: SELECT * FROM Restaurants r WHERE r.ID = 6
Time: 2023-12-15 00:29:49

SQL Query: SELECT * FROM Restaurants r WHERE r.ID = 6
Time: 2023-12-15 00:30:59

SQL Query: SELECT * FROM Restaurants r WHERE r.ID = 6
Time: 2023-12-15 00:31:33

SQL Query: SELECT * FROM Restaurants r WHERE r.ID = 6
Time: 2023-12-15 00:31:51

SQL Query: SELECT * FROM Restaurants r WHERE r.ID = 6
Time: 2023-12-15 00:32:08

SQL Query: SELECT * FROM Restaurants r WHERE r.ID = 6
Time: 2023-12-15 00:33:02

SQL Query: SELECT * FROM Restaurants r WHERE r.ID = 6
Time: 2023-12-15 00:33:15

SQL Query: SELECT * FROM Restaurants r WHERE r.ID = 6
Time: 2023-12-15 00:33:28

SQL Query: SELECT * FROM Restaurants r WHERE r.ID = 6
Time: 2023-12-15 00:33:39

SQL Query: SELECT * FROM Restaurants r WHERE r.ID = 6
Time: 2023-12-15 00:34:05

SQL Query: SELECT * FROM Restaurants r WHERE r.ID = 6
Time: 2023-12-15 00:34:38

SQL Query: SELECT * FROM Restaurants r WHERE r.ID = 7
Time: 2023-12-15 00:36:10

SQL Query: SELECT * FROM Restaurants r WHERE r.ID = 6
Time: 2023-12-15 00:36:55

SQL Query: SELECT * FROM Restaurants r WHERE r.ID = 6
Time: 2023-12-16 17:43:05

SQL Query: SELECT * FROM Restaurants r WHERE r.ID = 8
Time: 2023-12-16 17:43:32

